<?xml version="1.0" encoding="UTF-8"?>
<!-- Generated by org.testng.reporters.JUnitReportReporter -->
<testsuite hostname="phams-MacBook-Air.local" failures="0" tests="4" name="com.fundingsocieties.TestCases" time="44.656" errors="0" timestamp="2022-11-14T23:37:31 ICT" skipped="0">
  <testcase classname="com.fundingsocieties.TestCases" name="CheckGeneralTab" time="15.298"/>
  <system-out/>
  <testcase classname="com.fundingsocieties.TestCases" name="CheckRepaymentTab" time="1.200"/>
  <system-out/>
  <testcase classname="com.fundingsocieties.TestCases" name="FullFlow" time="20.232"/>
  <system-out/>
  <testcase classname="com.fundingsocieties.TestCases" name="CheckDisbursementTab" time="7.926"/>
  <system-out/>
</testsuite> <!-- com.fundingsocieties.TestCases -->
