<?xml version="1.0" encoding="UTF-8"?>
<!-- Generated by org.testng.reporters.JUnitReportReporter -->
<testsuite hostname="phams-MacBook-Air.local" failures="0" tests="3" name="com.group.GroupTest2" time="0.006" errors="0" timestamp="2022-11-14T23:38:01 ICT" skipped="0">
  <testcase classname="com.group.GroupTest2" name="z_login" time="0.004"/>
  <system-out/>
  <testcase classname="com.group.GroupTest2" name="d_report" time="0.001"/>
  <system-out/>
  <testcase classname="com.group.GroupTest2" name="a_report" time="0.001"/>
  <system-out/>
</testsuite> <!-- com.group.GroupTest2 -->
